26-Jul-2024 15:13:13.985 INFO [main] org.apache.catalina.startup.VersionLoggerListener.log 서버 버전 이름:    Apache Tomcat/10.1.26
26-Jul-2024 15:13:13.989 INFO [main] org.apache.catalina.startup.VersionLoggerListener.log Server 빌드 시각:  Jul 7 2024 21:02:13 UTC
26-Jul-2024 15:13:13.989 INFO [main] org.apache.catalina.startup.VersionLoggerListener.log Server 버전 번호:  10.1.26.0
26-Jul-2024 15:13:13.990 INFO [main] org.apache.catalina.startup.VersionLoggerListener.log 운영체제 이름:     Windows 11
26-Jul-2024 15:13:13.990 INFO [main] org.apache.catalina.startup.VersionLoggerListener.log 운영체제 버전:     10.0
26-Jul-2024 15:13:13.990 INFO [main] org.apache.catalina.startup.VersionLoggerListener.log 아키텍처:          amd64
26-Jul-2024 15:13:13.990 INFO [main] org.apache.catalina.startup.VersionLoggerListener.log 자바 홈:           C:\Program Files\Java\jdk-17
26-Jul-2024 15:13:13.990 INFO [main] org.apache.catalina.startup.VersionLoggerListener.log JVM 버전:          17.0.11+7-LTS-207
26-Jul-2024 15:13:13.990 INFO [main] org.apache.catalina.startup.VersionLoggerListener.log JVM 벤더:          Oracle Corporation
26-Jul-2024 15:13:13.991 INFO [main] org.apache.catalina.startup.VersionLoggerListener.log CATALINA_BASE:     D:\LHJ\tools\apache-tomcat-10.1.26
26-Jul-2024 15:13:13.991 INFO [main] org.apache.catalina.startup.VersionLoggerListener.log CATALINA_HOME:     D:\LHJ\tools\apache-tomcat-10.1.26
26-Jul-2024 15:13:14.001 INFO [main] org.apache.catalina.startup.VersionLoggerListener.log 명령 행 아규먼트:  -Djava.util.logging.config.file=D:\LHJ\tools\apache-tomcat-10.1.26\conf\logging.properties
26-Jul-2024 15:13:14.001 INFO [main] org.apache.catalina.startup.VersionLoggerListener.log 명령 행 아규먼트:  -Djava.util.logging.manager=org.apache.juli.ClassLoaderLogManager
26-Jul-2024 15:13:14.001 INFO [main] org.apache.catalina.startup.VersionLoggerListener.log 명령 행 아규먼트:  -Djdk.tls.ephemeralDHKeySize=2048
26-Jul-2024 15:13:14.001 INFO [main] org.apache.catalina.startup.VersionLoggerListener.log 명령 행 아규먼트:  -Djava.protocol.handler.pkgs=org.apache.catalina.webresources
26-Jul-2024 15:13:14.002 INFO [main] org.apache.catalina.startup.VersionLoggerListener.log 명령 행 아규먼트:  --add-opens=java.base/java.lang=ALL-UNNAMED
26-Jul-2024 15:13:14.002 INFO [main] org.apache.catalina.startup.VersionLoggerListener.log 명령 행 아규먼트:  --add-opens=java.base/java.io=ALL-UNNAMED
26-Jul-2024 15:13:14.002 INFO [main] org.apache.catalina.startup.VersionLoggerListener.log 명령 행 아규먼트:  --add-opens=java.base/java.util=ALL-UNNAMED
26-Jul-2024 15:13:14.002 INFO [main] org.apache.catalina.startup.VersionLoggerListener.log 명령 행 아규먼트:  --add-opens=java.base/java.util.concurrent=ALL-UNNAMED
26-Jul-2024 15:13:14.002 INFO [main] org.apache.catalina.startup.VersionLoggerListener.log 명령 행 아규먼트:  --add-opens=java.rmi/sun.rmi.transport=ALL-UNNAMED
26-Jul-2024 15:13:14.003 INFO [main] org.apache.catalina.startup.VersionLoggerListener.log 명령 행 아규먼트:  -Dcatalina.base=D:\LHJ\tools\apache-tomcat-10.1.26
26-Jul-2024 15:13:14.003 INFO [main] org.apache.catalina.startup.VersionLoggerListener.log 명령 행 아규먼트:  -Dcatalina.home=D:\LHJ\tools\apache-tomcat-10.1.26
26-Jul-2024 15:13:14.003 INFO [main] org.apache.catalina.startup.VersionLoggerListener.log 명령 행 아규먼트:  -Djava.io.tmpdir=D:\LHJ\tools\apache-tomcat-10.1.26\temp
26-Jul-2024 15:13:14.008 INFO [main] org.apache.catalina.core.AprLifecycleListener.lifecycleEvent 프로덕션 환경들에서 최적의 성능을 제공하는, APR 기반 Apache Tomcat Native 라이브러리가, 다음 java.library.path에서 발견되지 않습니다: [C:\Program Files\Java\jdk-17\bin;C:\Windows\Sun\Java\bin;C:\Windows\system32;C:\Windows;C:\Program Files\Java\jdk-17\bin;C:\Windows\system32;C:\Windows;C:\Windows\System32\Wbem;C:\Windows\System32\WindowsPowerShell\v1.0\;C:\Windows\System32\OpenSSH\;C:\Program Files\dotnet\;C:\Program Files\Bandizip\;C:\Program Files\Java\scripts;C:\Program Files\Git\cmd;C:\Program Files\OpenSSL-Win64\bin;C:\Users\april\AppData\Local\Microsoft\WindowsApps;C:\Users\april\AppData\Local\Programs\Microsoft VS Code\bin;C:\Program Files\MySQL\MySQL Server 8.0\bin;;C:\Program Files\JetBrains\IntelliJ IDEA Community Edition 2024.1.2\bin;;.]
26-Jul-2024 15:13:14.226 INFO [main] org.apache.coyote.AbstractProtocol.init 프로토콜 핸들러 ["http-nio-8080"]을(를) 초기화합니다.
26-Jul-2024 15:13:14.257 INFO [main] org.apache.catalina.startup.Catalina.load [466] 밀리초 내에 서버가 초기화되었습니다.
26-Jul-2024 15:13:14.305 INFO [main] org.apache.catalina.core.StandardService.startInternal 서비스 [Catalina]을(를) 시작합니다.
26-Jul-2024 15:13:14.306 INFO [main] org.apache.catalina.core.StandardEngine.startInternal 서버 엔진을 시작합니다: [Apache Tomcat/10.1.26]
26-Jul-2024 15:13:14.317 INFO [main] org.apache.catalina.startup.HostConfig.deployDirectory 웹 애플리케이션 디렉토리 [D:\LHJ\tools\apache-tomcat-10.1.26\webapps\docs]을(를) 배치합니다.
26-Jul-2024 15:13:14.654 INFO [main] org.apache.jasper.servlet.TldScanner.scanJars 적어도 하나의 JAR가 TLD들을 찾기 위해 스캔되었으나 아무 것도 찾지 못했습니다. 스캔했으나 TLD가 없는 JAR들의 전체 목록을 보시려면, 로그 레벨을 디버그 레벨로 설정하십시오. 스캔 과정에서 불필요한 JAR들을 건너뛰면, 시스템 시작 시간과 JSP 컴파일 시간을 단축시킬 수 있습니다.
26-Jul-2024 15:13:14.804 INFO [main] org.apache.catalina.startup.HostConfig.deployDirectory 웹 애플리케이션 디렉토리 [D:\LHJ\tools\apache-tomcat-10.1.26\webapps\docs]에 대한 배치가 [484] 밀리초에 완료되었습니다.
26-Jul-2024 15:13:14.805 INFO [main] org.apache.catalina.startup.HostConfig.deployDirectory 웹 애플리케이션 디렉토리 [D:\LHJ\tools\apache-tomcat-10.1.26\webapps\examples]을(를) 배치합니다.
26-Jul-2024 15:13:15.534 INFO [main] org.apache.jasper.servlet.TldScanner.scanJars 적어도 하나의 JAR가 TLD들을 찾기 위해 스캔되었으나 아무 것도 찾지 못했습니다. 스캔했으나 TLD가 없는 JAR들의 전체 목록을 보시려면, 로그 레벨을 디버그 레벨로 설정하십시오. 스캔 과정에서 불필요한 JAR들을 건너뛰면, 시스템 시작 시간과 JSP 컴파일 시간을 단축시킬 수 있습니다.
26-Jul-2024 15:13:15.598 INFO [main] org.apache.catalina.startup.HostConfig.deployDirectory 웹 애플리케이션 디렉토리 [D:\LHJ\tools\apache-tomcat-10.1.26\webapps\examples]에 대한 배치가 [793] 밀리초에 완료되었습니다.
26-Jul-2024 15:13:15.599 INFO [main] org.apache.catalina.startup.HostConfig.deployDirectory 웹 애플리케이션 디렉토리 [D:\LHJ\tools\apache-tomcat-10.1.26\webapps\host-manager]을(를) 배치합니다.
26-Jul-2024 15:13:15.651 INFO [main] org.apache.jasper.servlet.TldScanner.scanJars 적어도 하나의 JAR가 TLD들을 찾기 위해 스캔되었으나 아무 것도 찾지 못했습니다. 스캔했으나 TLD가 없는 JAR들의 전체 목록을 보시려면, 로그 레벨을 디버그 레벨로 설정하십시오. 스캔 과정에서 불필요한 JAR들을 건너뛰면, 시스템 시작 시간과 JSP 컴파일 시간을 단축시킬 수 있습니다.
26-Jul-2024 15:13:15.662 INFO [main] org.apache.catalina.startup.HostConfig.deployDirectory 웹 애플리케이션 디렉토리 [D:\LHJ\tools\apache-tomcat-10.1.26\webapps\host-manager]에 대한 배치가 [63] 밀리초에 완료되었습니다.
26-Jul-2024 15:13:15.662 INFO [main] org.apache.catalina.startup.HostConfig.deployDirectory 웹 애플리케이션 디렉토리 [D:\LHJ\tools\apache-tomcat-10.1.26\webapps\manager]을(를) 배치합니다.
26-Jul-2024 15:13:15.705 INFO [main] org.apache.jasper.servlet.TldScanner.scanJars 적어도 하나의 JAR가 TLD들을 찾기 위해 스캔되었으나 아무 것도 찾지 못했습니다. 스캔했으나 TLD가 없는 JAR들의 전체 목록을 보시려면, 로그 레벨을 디버그 레벨로 설정하십시오. 스캔 과정에서 불필요한 JAR들을 건너뛰면, 시스템 시작 시간과 JSP 컴파일 시간을 단축시킬 수 있습니다.
26-Jul-2024 15:13:15.708 INFO [main] org.apache.catalina.startup.HostConfig.deployDirectory 웹 애플리케이션 디렉토리 [D:\LHJ\tools\apache-tomcat-10.1.26\webapps\manager]에 대한 배치가 [46] 밀리초에 완료되었습니다.
26-Jul-2024 15:13:15.708 INFO [main] org.apache.catalina.startup.HostConfig.deployDirectory 웹 애플리케이션 디렉토리 [D:\LHJ\tools\apache-tomcat-10.1.26\webapps\ROOT]을(를) 배치합니다.
26-Jul-2024 15:13:15.743 INFO [main] org.apache.jasper.servlet.TldScanner.scanJars 적어도 하나의 JAR가 TLD들을 찾기 위해 스캔되었으나 아무 것도 찾지 못했습니다. 스캔했으나 TLD가 없는 JAR들의 전체 목록을 보시려면, 로그 레벨을 디버그 레벨로 설정하십시오. 스캔 과정에서 불필요한 JAR들을 건너뛰면, 시스템 시작 시간과 JSP 컴파일 시간을 단축시킬 수 있습니다.
26-Jul-2024 15:13:15.745 INFO [main] org.apache.catalina.startup.HostConfig.deployDirectory 웹 애플리케이션 디렉토리 [D:\LHJ\tools\apache-tomcat-10.1.26\webapps\ROOT]에 대한 배치가 [37] 밀리초에 완료되었습니다.
26-Jul-2024 15:13:15.750 INFO [main] org.apache.coyote.AbstractProtocol.start 프로토콜 핸들러 ["http-nio-8080"]을(를) 시작합니다.
26-Jul-2024 15:13:15.797 INFO [main] org.apache.catalina.startup.Catalina.start 서버가 [1539] 밀리초 내에 시작되었습니다.
26-Jul-2024 15:32:27.894 SEVERE [main] org.apache.catalina.startup.Catalina.stopServer [localhost:8005] (base 포트 [8005] 그리고 offset [0])와(과) 연결할 수 없었습니다. Tomcat이 실행 중이지 않을 수 있습니다.
26-Jul-2024 15:32:27.899 SEVERE [main] org.apache.catalina.startup.Catalina.stopServer Catalina를 중지시키는 중 오류 발생
	java.net.ConnectException: Connection refused: connect
		at java.base/sun.nio.ch.Net.connect0(Native Method)
		at java.base/sun.nio.ch.Net.connect(Net.java:579)
		at java.base/sun.nio.ch.Net.connect(Net.java:568)
		at java.base/sun.nio.ch.NioSocketImpl.connect(NioSocketImpl.java:593)
		at java.base/java.net.SocksSocketImpl.connect(SocksSocketImpl.java:327)
		at java.base/java.net.Socket.connect(Socket.java:633)
		at java.base/java.net.Socket.connect(Socket.java:583)
		at java.base/java.net.Socket.<init>(Socket.java:507)
		at java.base/java.net.Socket.<init>(Socket.java:287)
		at org.apache.catalina.startup.Catalina.stopServer(Catalina.java:653)
		at java.base/jdk.internal.reflect.NativeMethodAccessorImpl.invoke0(Native Method)
		at java.base/jdk.internal.reflect.NativeMethodAccessorImpl.invoke(NativeMethodAccessorImpl.java:77)
		at java.base/jdk.internal.reflect.DelegatingMethodAccessorImpl.invoke(DelegatingMethodAccessorImpl.java:43)
		at java.base/java.lang.reflect.Method.invoke(Method.java:568)
		at org.apache.catalina.startup.Bootstrap.stopServer(Bootstrap.java:393)
		at org.apache.catalina.startup.Bootstrap.main(Bootstrap.java:478)
26-Jul-2024 15:34:56.176 INFO [main] org.apache.catalina.startup.VersionLoggerListener.log 서버 버전 이름:    Apache Tomcat/10.1.26
26-Jul-2024 15:34:56.180 INFO [main] org.apache.catalina.startup.VersionLoggerListener.log Server 빌드 시각:  Jul 7 2024 21:02:13 UTC
26-Jul-2024 15:34:56.180 INFO [main] org.apache.catalina.startup.VersionLoggerListener.log Server 버전 번호:  10.1.26.0
26-Jul-2024 15:34:56.180 INFO [main] org.apache.catalina.startup.VersionLoggerListener.log 운영체제 이름:     Windows 11
26-Jul-2024 15:34:56.180 INFO [main] org.apache.catalina.startup.VersionLoggerListener.log 운영체제 버전:     10.0
26-Jul-2024 15:34:56.181 INFO [main] org.apache.catalina.startup.VersionLoggerListener.log 아키텍처:          amd64
26-Jul-2024 15:34:56.181 INFO [main] org.apache.catalina.startup.VersionLoggerListener.log 자바 홈:           C:\Program Files\Java\jdk-17
26-Jul-2024 15:34:56.181 INFO [main] org.apache.catalina.startup.VersionLoggerListener.log JVM 버전:          17.0.11+7-LTS-207
26-Jul-2024 15:34:56.181 INFO [main] org.apache.catalina.startup.VersionLoggerListener.log JVM 벤더:          Oracle Corporation
26-Jul-2024 15:34:56.182 INFO [main] org.apache.catalina.startup.VersionLoggerListener.log CATALINA_BASE:     D:\LHJ\tools\apache-tomcat-10.1.26
26-Jul-2024 15:34:56.182 INFO [main] org.apache.catalina.startup.VersionLoggerListener.log CATALINA_HOME:     D:\LHJ\tools\apache-tomcat-10.1.26
26-Jul-2024 15:34:56.190 INFO [main] org.apache.catalina.startup.VersionLoggerListener.log 명령 행 아규먼트:  -Djava.util.logging.config.file=D:\LHJ\tools\apache-tomcat-10.1.26\conf\logging.properties
26-Jul-2024 15:34:56.191 INFO [main] org.apache.catalina.startup.VersionLoggerListener.log 명령 행 아규먼트:  -Djava.util.logging.manager=org.apache.juli.ClassLoaderLogManager
26-Jul-2024 15:34:56.191 INFO [main] org.apache.catalina.startup.VersionLoggerListener.log 명령 행 아규먼트:  -Djdk.tls.ephemeralDHKeySize=2048
26-Jul-2024 15:34:56.191 INFO [main] org.apache.catalina.startup.VersionLoggerListener.log 명령 행 아규먼트:  -Djava.protocol.handler.pkgs=org.apache.catalina.webresources
26-Jul-2024 15:34:56.191 INFO [main] org.apache.catalina.startup.VersionLoggerListener.log 명령 행 아규먼트:  --add-opens=java.base/java.lang=ALL-UNNAMED
26-Jul-2024 15:34:56.192 INFO [main] org.apache.catalina.startup.VersionLoggerListener.log 명령 행 아규먼트:  --add-opens=java.base/java.io=ALL-UNNAMED
26-Jul-2024 15:34:56.192 INFO [main] org.apache.catalina.startup.VersionLoggerListener.log 명령 행 아규먼트:  --add-opens=java.base/java.util=ALL-UNNAMED
26-Jul-2024 15:34:56.192 INFO [main] org.apache.catalina.startup.VersionLoggerListener.log 명령 행 아규먼트:  --add-opens=java.base/java.util.concurrent=ALL-UNNAMED
26-Jul-2024 15:34:56.192 INFO [main] org.apache.catalina.startup.VersionLoggerListener.log 명령 행 아규먼트:  --add-opens=java.rmi/sun.rmi.transport=ALL-UNNAMED
26-Jul-2024 15:34:56.193 INFO [main] org.apache.catalina.startup.VersionLoggerListener.log 명령 행 아규먼트:  -Dcatalina.base=D:\LHJ\tools\apache-tomcat-10.1.26
26-Jul-2024 15:34:56.193 INFO [main] org.apache.catalina.startup.VersionLoggerListener.log 명령 행 아규먼트:  -Dcatalina.home=D:\LHJ\tools\apache-tomcat-10.1.26
26-Jul-2024 15:34:56.193 INFO [main] org.apache.catalina.startup.VersionLoggerListener.log 명령 행 아규먼트:  -Djava.io.tmpdir=D:\LHJ\tools\apache-tomcat-10.1.26\temp
26-Jul-2024 15:34:56.199 INFO [main] org.apache.catalina.core.AprLifecycleListener.lifecycleEvent 프로덕션 환경들에서 최적의 성능을 제공하는, APR 기반 Apache Tomcat Native 라이브러리가, 다음 java.library.path에서 발견되지 않습니다: [C:\Program Files\Java\jdk-17\bin;C:\Windows\Sun\Java\bin;C:\Windows\system32;C:\Windows;C:\Program Files\Java\jdk-17\bin;C:\Windows\system32;C:\Windows;C:\Windows\System32\Wbem;C:\Windows\System32\WindowsPowerShell\v1.0\;C:\Windows\System32\OpenSSH\;C:\Program Files\dotnet\;C:\Program Files\Bandizip\;C:\Program Files\Java\scripts;C:\Program Files\Git\cmd;C:\Program Files\OpenSSL-Win64\bin;C:\Users\april\AppData\Local\Microsoft\WindowsApps;C:\Users\april\AppData\Local\Programs\Microsoft VS Code\bin;C:\Program Files\MySQL\MySQL Server 8.0\bin;;C:\Program Files\JetBrains\IntelliJ IDEA Community Edition 2024.1.2\bin;;.]
26-Jul-2024 15:34:56.410 INFO [main] org.apache.coyote.AbstractProtocol.init 프로토콜 핸들러 ["http-nio-8080"]을(를) 초기화합니다.
26-Jul-2024 15:34:56.431 INFO [main] org.apache.catalina.startup.Catalina.load [452] 밀리초 내에 서버가 초기화되었습니다.
26-Jul-2024 15:34:56.479 INFO [main] org.apache.catalina.core.StandardService.startInternal 서비스 [Catalina]을(를) 시작합니다.
26-Jul-2024 15:34:56.479 INFO [main] org.apache.catalina.core.StandardEngine.startInternal 서버 엔진을 시작합니다: [Apache Tomcat/10.1.26]
26-Jul-2024 15:34:56.494 INFO [main] org.apache.catalina.startup.HostConfig.deployWAR 웹 애플리케이션 아카이브 [D:\LHJ\tools\apache-tomcat-10.1.26\webapps\ROOT.war]을(를) 배치합니다.
26-Jul-2024 15:34:56.900 INFO [main] org.apache.jasper.servlet.TldScanner.scanJars 적어도 하나의 JAR가 TLD들을 찾기 위해 스캔되었으나 아무 것도 찾지 못했습니다. 스캔했으나 TLD가 없는 JAR들의 전체 목록을 보시려면, 로그 레벨을 디버그 레벨로 설정하십시오. 스캔 과정에서 불필요한 JAR들을 건너뛰면, 시스템 시작 시간과 JSP 컴파일 시간을 단축시킬 수 있습니다.
26-Jul-2024 15:34:57.008 INFO [main] org.apache.catalina.startup.HostConfig.deployWAR 웹 애플리케이션 아카이브 [D:\LHJ\tools\apache-tomcat-10.1.26\webapps\ROOT.war]의 배치가 [512] 밀리초에 완료되었습니다.
26-Jul-2024 15:34:57.018 INFO [main] org.apache.coyote.AbstractProtocol.start 프로토콜 핸들러 ["http-nio-8080"]을(를) 시작합니다.
26-Jul-2024 15:34:57.060 INFO [main] org.apache.catalina.startup.Catalina.start 서버가 [629] 밀리초 내에 시작되었습니다.
26-Jul-2024 15:41:32.202 SEVERE [main] org.apache.catalina.startup.Catalina.stopServer [localhost:8005] (base 포트 [8005] 그리고 offset [0])와(과) 연결할 수 없었습니다. Tomcat이 실행 중이지 않을 수 있습니다.
26-Jul-2024 15:41:32.206 SEVERE [main] org.apache.catalina.startup.Catalina.stopServer Catalina를 중지시키는 중 오류 발생
	java.net.ConnectException: Connection refused: connect
		at java.base/sun.nio.ch.Net.connect0(Native Method)
		at java.base/sun.nio.ch.Net.connect(Net.java:579)
		at java.base/sun.nio.ch.Net.connect(Net.java:568)
		at java.base/sun.nio.ch.NioSocketImpl.connect(NioSocketImpl.java:593)
		at java.base/java.net.SocksSocketImpl.connect(SocksSocketImpl.java:327)
		at java.base/java.net.Socket.connect(Socket.java:633)
		at java.base/java.net.Socket.connect(Socket.java:583)
		at java.base/java.net.Socket.<init>(Socket.java:507)
		at java.base/java.net.Socket.<init>(Socket.java:287)
		at org.apache.catalina.startup.Catalina.stopServer(Catalina.java:653)
		at java.base/jdk.internal.reflect.NativeMethodAccessorImpl.invoke0(Native Method)
		at java.base/jdk.internal.reflect.NativeMethodAccessorImpl.invoke(NativeMethodAccessorImpl.java:77)
		at java.base/jdk.internal.reflect.DelegatingMethodAccessorImpl.invoke(DelegatingMethodAccessorImpl.java:43)
		at java.base/java.lang.reflect.Method.invoke(Method.java:568)
		at org.apache.catalina.startup.Bootstrap.stopServer(Bootstrap.java:393)
		at org.apache.catalina.startup.Bootstrap.main(Bootstrap.java:478)
